<?xml version="1.0" encoding="UTF-8"?>
<testsuite name="LogicAndCodesTests" tests="28" skipped="0" failures="0" errors="0" timestamp="2022-04-07T13:05:42" hostname="Giulias-MBP" time="0.086">
  <properties/>
  <testcase name="check if two booleans result are true - false and false" classname="LogicAndCodesTests" time="0.027"/>
  <testcase name="check if both booleans have the same value - true and false" classname="LogicAndCodesTests" time="0.001"/>
  <testcase name="check if one of two booleans result are true - false and true" classname="LogicAndCodesTests" time="0.002"/>
  <testcase name="check if one of two booleans result are true - false and false" classname="LogicAndCodesTests" time="0.0"/>
  <testcase name="check if both booleans have the same value - false and true" classname="LogicAndCodesTests" time="0.0"/>
  <testcase name="check if two booleans result are true - true and true" classname="LogicAndCodesTests" time="0.002"/>
  <testcase name="check if two booleans result are true and invert it - true and true" classname="LogicAndCodesTests" time="0.001"/>
  <testcase name="check implication of booleans - true and false" classname="LogicAndCodesTests" time="0.0"/>
  <testcase name="check if two booleans result are true and invert it - false and false" classname="LogicAndCodesTests" time="0.001"/>
  <testcase name="check if one of two booleans result are true and invert it - false and false" classname="LogicAndCodesTests" time="0.001"/>
  <testcase name="check if both booleans have the same value - false and false" classname="LogicAndCodesTests" time="0.001"/>
  <testcase name="check implication of booleans - false and true" classname="LogicAndCodesTests" time="0.001"/>
  <testcase name="check if one of two booleans result are true and invert it - true and false" classname="LogicAndCodesTests" time="0.004"/>
  <testcase name="check if one of two booleans result are true - true and true" classname="LogicAndCodesTests" time="0.014"/>
  <testcase name="check implication of booleans - false and false" classname="LogicAndCodesTests" time="0.003"/>
  <testcase name="check if only one of two booleans result are true - true and false" classname="LogicAndCodesTests" time="0.003"/>
  <testcase name="check if one of two booleans result are true and invert it - false and true" classname="LogicAndCodesTests" time="0.0"/>
  <testcase name="check if one of two booleans result are true and invert it - true and true" classname="LogicAndCodesTests" time="0.001"/>
  <testcase name="check if only one of two booleans result are true - false and true" classname="LogicAndCodesTests" time="0.0"/>
  <testcase name="check if two booleans result are true - true and false" classname="LogicAndCodesTests" time="0.001"/>
  <testcase name="check if both booleans have the same value - true and true" classname="LogicAndCodesTests" time="0.001"/>
  <testcase name="check if two booleans result are true and invert it - true and false" classname="LogicAndCodesTests" time="0.001"/>
  <testcase name="check if two booleans result are true - false and true" classname="LogicAndCodesTests" time="0.001"/>
  <testcase name="check if only one of two booleans result are true - true and true" classname="LogicAndCodesTests" time="0.001"/>
  <testcase name="check if two booleans result are true and invert it - false and true" classname="LogicAndCodesTests" time="0.001"/>
  <testcase name="check implication of booleans - true and true" classname="LogicAndCodesTests" time="0.001"/>
  <testcase name="check if only one of two booleans result are true - false and false" classname="LogicAndCodesTests" time="0.0"/>
  <testcase name="check if one of two booleans result are true - true and false" classname="LogicAndCodesTests" time="0.0"/>
  <system-out><![CDATA[]]></system-out>
  <system-err><![CDATA[]]></system-err>
</testsuite>
