<?xml version="1.0" encoding="UTF-8"?>
<testsuite name="Tests" tests="31" skipped="0" failures="0" errors="0" timestamp="2022-04-07T01:21:52" hostname="Giulias-MBP" time="0.067">
  <properties/>
  <testcase name="reverse a list of 1" classname="Tests" time="0.038"/>
  <testcase name="reverse a list of 6" classname="Tests" time="0.0"/>
  <testcase name="duplicate each element of a string list given a number of times 3" classname="Tests" time="0.014"/>
  <testcase name="duplicate each element of an int list" classname="Tests" time="0.001"/>
  <testcase name="find the number of elements of an empty list" classname="Tests" time="0.002"/>
  <testcase name="find the nth element of an empty list" classname="Tests" time="0.004"/>
  <testcase name="check if a list of 6 is a palindrome - false" classname="Tests" time="0.0"/>
  <testcase name="check if a list of strings is a palindrome - true" classname="Tests" time="0.0"/>
  <testcase name="find the nth negative element of a list" classname="Tests" time="0.0"/>
  <testcase name="find the last less one element of a list of 1" classname="Tests" time="0.0"/>
  <testcase name="find the last less one element of an empty list" classname="Tests" time="0.001"/>
  <testcase name="find the last element of an empty list" classname="Tests" time="0.0"/>
  <testcase name="reverse a list of strings" classname="Tests" time="0.0"/>
  <testcase name="duplicate each element of a string list" classname="Tests" time="0.0"/>
  <testcase name="duplicate each element of an int list given a number of times 3" classname="Tests" time="0.001"/>
  <testcase name="duplicate each element of an empty list" classname="Tests" time="0.001"/>
  <testcase name="find the nth element of a list which is out of bound" classname="Tests" time="0.001"/>
  <testcase name="find the nth element of a list of 1" classname="Tests" time="0.0"/>
  <testcase name="find the nth element of a list" classname="Tests" time="0.0"/>
  <testcase name="check if a list of 5 is a palindrome - false" classname="Tests" time="0.0"/>
  <testcase name="find the last element of a list" classname="Tests" time="0.0"/>
  <testcase name="find the last less one element of a list" classname="Tests" time="0.0"/>
  <testcase name="find the number of elements of a list of 5" classname="Tests" time="0.0"/>
  <testcase name="find the number of elements of a list of 6" classname="Tests" time="0.0"/>
  <testcase name="duplicate each element of a list given a number of times 1" classname="Tests" time="0.0"/>
  <testcase name="check if a list of 6 is a palindrome - true" classname="Tests" time="0.0"/>
  <testcase name="duplicate each element of an empty list given a number of times 3" classname="Tests" time="0.001"/>
  <testcase name="check if a list of 5 is a palindrome - true" classname="Tests" time="0.0"/>
  <testcase name="check if an empty list is a palindrome" classname="Tests" time="0.0"/>
  <testcase name="reverse an empty list" classname="Tests" time="0.0"/>
  <testcase name="check if a list of strings is a palindrome - false" classname="Tests" time="0.0"/>
  <system-out><![CDATA[Index is out of bound!
Index is out of bound!
Index is out of bound!
Index is out of bound!
Index is out of bound!
Index is out of bound!
]]></system-out>
  <system-err><![CDATA[]]></system-err>
</testsuite>
