<?xml version="1.0" encoding="UTF-8"?>
<testsuite name="ArithmeticTests" tests="3" skipped="0" failures="0" errors="0" timestamp="2022-04-07T10:56:04" hostname="Giulias-MBP" time="0.044">
  <properties/>
  <testcase name="check if number is prime - false" classname="ArithmeticTests" time="0.041"/>
  <testcase name="check if number is prime - true" classname="ArithmeticTests" time="0.0"/>
  <testcase name="check if number is prime - zero" classname="ArithmeticTests" time="0.001"/>
  <system-out><![CDATA[]]></system-out>
  <system-err><![CDATA[]]></system-err>
</testsuite>
